[ 2018-02-14T14:06:21+08:00 ] 125.70.107.85 /farms/Login/index.html
INFO: [ app_init ] --START--
INFO: Run Behavior\BuildLiteBehavior [ RunTime:0.000012s ]
INFO: [ app_init ] --END-- [ RunTime:0.000093s ]
INFO: [ app_begin ] --START--
INFO: Run Behavior\ReadHtmlCacheBehavior [ RunTime:0.000030s ]
INFO: [ app_begin ] --END-- [ RunTime:0.000068s ]
INFO: [ view_parse ] --START--
INFO: [ template_filter ] --START--
INFO: Run Behavior\ContentReplaceBehavior [ RunTime:0.000351s ]
INFO: [ template_filter ] --END-- [ RunTime:0.000396s ]
NOTIC: [8] Undefined variable: cook_user /var/www/html/farms/app/Runtime/Cache/Home/27397bb22d6230f91509ad32b38aa34f.php 第 101 行.
NOTIC: [8] Undefined variable: cook_user /var/www/html/farms/app/Runtime/Cache/Home/27397bb22d6230f91509ad32b38aa34f.php 第 116 行.
INFO: Run Behavior\ParseTemplateBehavior [ RunTime:0.006193s ]
INFO: [ view_parse ] --END-- [ RunTime:0.006233s ]
INFO: [ view_filter ] --START--
INFO: Run Behavior\WriteHtmlCacheBehavior [ RunTime:0.000035s ]
INFO: [ view_filter ] --END-- [ RunTime:0.000066s ]
INFO: [ app_end ] --START--
INFO: Run Behavior\ShowPageTraceBehavior [ RunTime:0.000033s ]
INFO: [ app_end ] --END-- [ RunTime:0.000068s ]

[ 2018-02-14T14:06:21+08:00 ] 125.70.107.85 /farms/Login/yzm.html
INFO: [ app_init ] --START--
INFO: Run Behavior\BuildLiteBehavior [ RunTime:0.000012s ]
INFO: [ app_init ] --END-- [ RunTime:0.000096s ]
INFO: [ app_begin ] --START--
INFO: Run Behavior\ReadHtmlCacheBehavior [ RunTime:0.000034s ]
INFO: [ app_begin ] --END-- [ RunTime:0.000073s ]
NOTIC: [8] A non well formed numeric value encountered /var/www/html/farms/ThinkPHP/Library/Think/Verify.class.php 第 143 行.
NOTIC: [8] A non well formed numeric value encountered /var/www/html/farms/ThinkPHP/Library/Think/Verify.class.php 第 143 行.
NOTIC: [8] A non well formed numeric value encountered /var/www/html/farms/ThinkPHP/Library/Think/Verify.class.php 第 143 行.
NOTIC: [8] A non well formed numeric value encountered /var/www/html/farms/ThinkPHP/Library/Think/Verify.class.php 第 143 行.
INFO: [ app_end ] --START--
INFO: Run Behavior\ShowPageTraceBehavior [ RunTime:0.000037s ]
INFO: [ app_end ] --END-- [ RunTime:0.000079s ]

[ 2018-02-14T14:06:39+08:00 ] 125.70.107.85 /farms/Login/enter_game
INFO: [ app_init ] --START--
INFO: Run Behavior\BuildLiteBehavior [ RunTime:0.000011s ]
INFO: [ app_init ] --END-- [ RunTime:0.000082s ]
INFO: [ app_begin ] --START--
INFO: Run Behavior\ReadHtmlCacheBehavior [ RunTime:0.000028s ]
INFO: [ app_begin ] --END-- [ RunTime:0.000061s ]
NOTIC: [2] mysqli::__construct(): Headers and client library minor version mismatch. Headers:50556 Library:50637 /var/www/html/farms/ThinkPHP/Library/Think/Db/Driver/Mysqli.class.php 第 44 行.
SQL: SHOW COLUMNS FROM `global_conf` [ RunTime:0.000463s ]
SQL: SELECT * FROM `global_conf` WHERE ( cases="login" ) LIMIT 1   [ RunTime:0.000227s ]
SQL: SHOW COLUMNS FROM `user_freeze` [ RunTime:0.000515s ]
ERR: 1146:Table 'test.user_freeze' doesn't exist
 [ SQL语句 ] : SHOW COLUMNS FROM `user_freeze`
SQL: SELECT `state` FROM `user_freeze` WHERE ( `user` = '18228068397' ) LIMIT 1   [ RunTime:0.000111s ]
ERR: 1146:Table 'test.user_freeze' doesn't exist
 [ SQL语句 ] : SELECT `state` FROM `user_freeze` WHERE ( `user` = '18228068397' ) LIMIT 1  
SQL: SHOW COLUMNS FROM `182_members` [ RunTime:0.000373s ]
SQL: SELECT * FROM `182_members` WHERE ( `user` = '18228068397' )  [ RunTime:0.000220s ]
NOTIC: [8] Undefined index: password /var/www/html/farms/app/Home/Controller/LoginController.class.php 第 158 行.
SQL: UPDATE `182_members` SET `mac`='125.70.107.85',`login_time`=1518588399 WHERE ( `user` = '18228068397' ) [ RunTime:0.001987s ]

[ 2018-02-14T14:06:39+08:00 ] 125.70.107.85 /farms/Index
INFO: [ app_init ] --START--
INFO: Run Behavior\BuildLiteBehavior [ RunTime:0.000011s ]
INFO: [ app_init ] --END-- [ RunTime:0.000078s ]
INFO: [ app_begin ] --START--
INFO: Run Behavior\ReadHtmlCacheBehavior [ RunTime:0.000027s ]
INFO: [ app_begin ] --END-- [ RunTime:0.000063s ]
NOTIC: [2] mysqli::__construct(): Headers and client library minor version mismatch. Headers:50556 Library:50637 /var/www/html/farms/ThinkPHP/Library/Think/Db/Driver/Mysqli.class.php 第 44 行.
SQL: SHOW COLUMNS FROM `182_members` [ RunTime:0.000532s ]
SQL: SELECT `coin`,`diamond`,`level`,`headimg`,`sign_state`,`gift_state`,`id_card`,`nickname`,`num_id`,`identity` FROM `182_members` WHERE ( `user` = '18228068397' )  [ RunTime:0.000225s ]
SQL: SHOW COLUMNS FROM `182_planting_record` [ RunTime:0.000313s ]
SQL: SELECT * FROM `182_planting_record` WHERE ( user="18228068397" and harvest_state=0 )  [ RunTime:0.000438s ]
SQL: SHOW COLUMNS FROM `notice` [ RunTime:0.000247s ]
ERR: 1146:Table 'test.notice' doesn't exist
 [ SQL语句 ] : SHOW COLUMNS FROM `notice`
SQL: SELECT * FROM `notice` WHERE ( type=1 ) ORDER BY id desc  [ RunTime:0.000113s ]
ERR: 1146:Table 'test.notice' doesn't exist
 [ SQL语句 ] : SELECT * FROM `notice` WHERE ( type=1 ) ORDER BY id desc 
SQL: SHOW COLUMNS FROM `users_behavior` [ RunTime:0.000227s ]
ERR: 1146:Table 'test.users_behavior' doesn't exist
 [ SQL语句 ] : SHOW COLUMNS FROM `users_behavior`
SQL: SELECT `content_num` FROM `users_behavior` WHERE ( `user` = '18228068397' ) LIMIT 1   [ RunTime:0.000105s ]
ERR: 1146:Table 'test.users_behavior' doesn't exist
 [ SQL语句 ] : SELECT `content_num` FROM `users_behavior` WHERE ( `user` = '18228068397' ) LIMIT 1  
SQL: INSERT INTO `users_behavior` (`user`,`content_num`) VALUES ('18228068397',1) [ RunTime:0.000097s ]
ERR: 1146:Table 'test.users_behavior' doesn't exist
 [ SQL语句 ] : INSERT INTO `users_behavior` (`user`,`content_num`) VALUES ('18228068397',1)
NOTIC: [8] Undefined offset: 2 /var/www/html/farms/app/Home/Controller/IndexController.class.php 第 146 行.
NOTIC: [8] Undefined offset: 3 /var/www/html/farms/app/Home/Controller/IndexController.class.php 第 146 行.
NOTIC: [8] Undefined offset: 5 /var/www/html/farms/app/Home/Controller/IndexController.class.php 第 146 行.
NOTIC: [8] Undefined offset: 6 /var/www/html/farms/app/Home/Controller/IndexController.class.php 第 146 行.
SQL: SHOW COLUMNS FROM `182_managed_to_record` [ RunTime:0.000543s ]
SQL: SELECT * FROM `182_managed_to_record` WHERE ( service_type=5 and state=0 and user="18228068397" and end_time>=1518588399 ) LIMIT 1   [ RunTime:0.000326s ]
INFO: [ view_parse ] --START--
INFO: [ template_filter ] --START--
INFO: Run Behavior\ContentReplaceBehavior [ RunTime:0.000458s ]
INFO: [ template_filter ] --END-- [ RunTime:0.000512s ]
NOTIC: [8] Undefined variable: arc_str /var/www/html/farms/app/Runtime/Cache/Home/b7006b894ef112eae45b7982bd17c143.php 第 135 行.
NOTIC: [8] Undefined variable: scarecrow /var/www/html/farms/app/Runtime/Cache/Home/b7006b894ef112eae45b7982bd17c143.php 第 147 行.
NOTIC: [8] Undefined variable: music /var/www/html/farms/app/Runtime/Cache/Home/b7006b894ef112eae45b7982bd17c143.php 第 526 行.
INFO: Run Behavior\ParseTemplateBehavior [ RunTime:0.010146s ]
INFO: [ view_parse ] --END-- [ RunTime:0.010184s ]
INFO: [ view_filter ] --START--
INFO: Run Behavior\WriteHtmlCacheBehavior [ RunTime:0.000038s ]
INFO: [ view_filter ] --END-- [ RunTime:0.000077s ]
INFO: [ app_end ] --START--
INFO: Run Behavior\ShowPageTraceBehavior [ RunTime:0.000034s ]
INFO: [ app_end ] --END-- [ RunTime:0.000071s ]

[ 2018-02-14T14:06:44+08:00 ] 125.70.107.85 /farms/Login
INFO: [ app_init ] --START--
INFO: Run Behavior\BuildLiteBehavior [ RunTime:0.000012s ]
INFO: [ app_init ] --END-- [ RunTime:0.000092s ]
INFO: [ app_begin ] --START--
INFO: Run Behavior\ReadHtmlCacheBehavior [ RunTime:0.000035s ]
INFO: [ app_begin ] --END-- [ RunTime:0.000080s ]
INFO: [ view_parse ] --START--
INFO: [ template_filter ] --START--
INFO: Run Behavior\ContentReplaceBehavior [ RunTime:0.000346s ]
INFO: [ template_filter ] --END-- [ RunTime:0.000391s ]
INFO: Run Behavior\ParseTemplateBehavior [ RunTime:0.007322s ]
INFO: [ view_parse ] --END-- [ RunTime:0.007366s ]
INFO: [ view_filter ] --START--
INFO: Run Behavior\WriteHtmlCacheBehavior [ RunTime:0.000047s ]
INFO: [ view_filter ] --END-- [ RunTime:0.000081s ]
INFO: [ app_end ] --START--
INFO: Run Behavior\ShowPageTraceBehavior [ RunTime:0.000033s ]
INFO: [ app_end ] --END-- [ RunTime:0.000069s ]

[ 2018-02-14T14:06:44+08:00 ] 125.70.107.85 /farms/Login/yzm.html
INFO: [ app_init ] --START--
INFO: Run Behavior\BuildLiteBehavior [ RunTime:0.000013s ]
INFO: [ app_init ] --END-- [ RunTime:0.000098s ]
INFO: [ app_begin ] --START--
INFO: Run Behavior\ReadHtmlCacheBehavior [ RunTime:0.000048s ]
INFO: [ app_begin ] --END-- [ RunTime:0.000088s ]
NOTIC: [8] A non well formed numeric value encountered /var/www/html/farms/ThinkPHP/Library/Think/Verify.class.php 第 143 行.
NOTIC: [8] A non well formed numeric value encountered /var/www/html/farms/ThinkPHP/Library/Think/Verify.class.php 第 143 行.
NOTIC: [8] A non well formed numeric value encountered /var/www/html/farms/ThinkPHP/Library/Think/Verify.class.php 第 143 行.
NOTIC: [8] A non well formed numeric value encountered /var/www/html/farms/ThinkPHP/Library/Think/Verify.class.php 第 143 行.
INFO: [ app_end ] --START--
INFO: Run Behavior\ShowPageTraceBehavior [ RunTime:0.000044s ]
INFO: [ app_end ] --END-- [ RunTime:0.000088s ]

[ 2018-02-14T14:06:59+08:00 ] 125.70.107.85 /farms/Login/yzm.html?r=0.6512058909943301
INFO: [ app_init ] --START--
INFO: Run Behavior\BuildLiteBehavior [ RunTime:0.000011s ]
INFO: [ app_init ] --END-- [ RunTime:0.000083s ]
INFO: [ app_begin ] --START--
INFO: Run Behavior\ReadHtmlCacheBehavior [ RunTime:0.000031s ]
INFO: [ app_begin ] --END-- [ RunTime:0.000069s ]
NOTIC: [8] A non well formed numeric value encountered /var/www/html/farms/ThinkPHP/Library/Think/Verify.class.php 第 143 行.
NOTIC: [8] A non well formed numeric value encountered /var/www/html/farms/ThinkPHP/Library/Think/Verify.class.php 第 143 行.
NOTIC: [8] A non well formed numeric value encountered /var/www/html/farms/ThinkPHP/Library/Think/Verify.class.php 第 143 行.
NOTIC: [8] A non well formed numeric value encountered /var/www/html/farms/ThinkPHP/Library/Think/Verify.class.php 第 143 行.
INFO: [ app_end ] --START--
INFO: Run Behavior\ShowPageTraceBehavior [ RunTime:0.000037s ]
INFO: [ app_end ] --END-- [ RunTime:0.000080s ]

